<?xml version="1.0" encoding="UTF-8"?>
<testsuite errors="2" failures="0" name="matrix_tests.MatrixTest-20170408180935" skipped="0" tests="11" time="0.001">
	<testcase classname="matrix_tests.MatrixTest" name="testAttachMatrices" time="0.000"/>
	<testcase classname="matrix_tests.MatrixTest" name="testChangeRows" time="0.000"/>
	<testcase classname="matrix_tests.MatrixTest" name="testCountDeterminant" time="0.000"/>
	<testcase classname="matrix_tests.MatrixTest" name="testEchelonFormAndReducedEchelonForm" time="0.000"/>
	<testcase classname="matrix_tests.MatrixTest" name="testMatrixMultiplication" time="0.000"/>
	<testcase classname="matrix_tests.MatrixTest" name="testMultiplyRows" time="0.000"/>
	<testcase classname="matrix_tests.MatrixTest" name="testPrintMatrix" time="0.000"/>
	<testcase classname="matrix_tests.MatrixTest" name="testScalarMultiplication" time="0.000"/>
	<testcase classname="matrix_tests.MatrixTest" name="testTranspose" time="0.000"/>
	<testcase classname="matrix_tests.MatrixTest" name="testFormIdentityMatrix" time="0.000">
		<error message="'Matrix' object has no attribute 'formOneMatrixList'" type="AttributeError">
<![CDATA[Traceback (most recent call last):
  File "/home/hyttijan/MatrixCalculator/src/unittest/python/matrix_tests.py", line 78, in testFormIdentityMatrix
    identityMatrix = self.matrix.formOneMatrixList()
AttributeError: 'Matrix' object has no attribute 'formOneMatrixList'
]]>		</error>
	</testcase>
	<testcase classname="matrix_tests.MatrixTest" name="testInvertMatrix" time="0.000">
		<error message="'Matrix' object has no attribute 'formIdentityMatrix'" type="AttributeError">
<![CDATA[Traceback (most recent call last):
  File "/home/hyttijan/MatrixCalculator/src/unittest/python/matrix_tests.py", line 65, in testInvertMatrix
    invertedMatrix = self.matrix3.invertMatrix()
  File "/home/hyttijan/MatrixCalculator/src/main/python/matrix.py", line 126, in invertMatrix
    identityMatrix = self.formIdentityMatrix()
AttributeError: 'Matrix' object has no attribute 'formIdentityMatrix'
]]>		</error>
	</testcase>
	<system-out>
<![CDATA[[ 3  3  -15  9  ]
[ 1  0  -2  1  ]
[ 2  -1  -1  0  ]

]]>	</system-out>
	<system-err>
<![CDATA[]]>	</system-err>
</testsuite>
