<?xml version="1.0" encoding="UTF-8"?>
<testsuite errors="1" failures="0" name="main_tests.MainTest-20170331162602" skipped="0" tests="1" time="0.000">
	<testcase classname="main_tests.MainTest" name="testParseMatrix" time="0.000">
		<error message="parseMatrix() missing 1 required positional argument: 'matrixStr'" type="TypeError">
<![CDATA[Traceback (most recent call last):
  File "/home/hyttijan/MatrixCalculator/src/unittest/python/main_tests.py", line 8, in testParseMatrix
    matrix = parseMatrix("3,3,-15,9,1,0,-2,1,2,-1,-1,0,cols=4,rows=3")
TypeError: parseMatrix() missing 1 required positional argument: 'matrixStr'
]]>		</error>
	</testcase>
	<system-out>
<![CDATA[]]>	</system-out>
	<system-err>
<![CDATA[]]>	</system-err>
</testsuite>
